0.065
261
1  8  6 |B  2  9  3  A  5  4  C  7  
- - -          
A |5  2  7 |C  8  4  6  1  3  9  B  
-            
9  4  3  C  B  7  1  5  A  8  2  6  
-            
6  3  1  4  9  A  B  C  7  2  5  8  
-            
2  9  B  A  8  5  7  4  3  6  1  C  
-            
7  C  8  5  6  1  2  3  9  A  B  4  
-            
5  1  A  8  7  4  C  B  2  9  6  3  
-            
4  2  C  6  A  3  9  8  B  1  7  5  
-            
3  B  7  9  5  2  6  1  4  C  8  A  
-            
C  A  9  2  4  B  8  7  6  5  3  1  
-            
B  6  5  1  3  C  A  9  8  7  4  2  
-            
8  7  4  3  1  6  5  2  C  B  A  9  
            
