0.041
5225
1  3  4 |6  2  5  7  8  9  A  B  C  
- - -          
2 |5  7  8 |B  9  A  C  1  3  4  6  
-            
9  A  B  C  1  3  4  6  2  5  7  8  
-            
3  1  2  4  5  6  8  7  A  9  C  B  
-            
6  7  8  9  3  A  C  B  4  1  2  5  
-            
A  B  C  5  4  1  2  9  3  6  8  7  
-            
4  2  1  3  6  7  B  5  8  C  9  A  
-            
5  8  6  7  A  C  9  2  B  4  1  3  
-            
B  C  9  A  8  4  1  3  5  7  6  2  
-            
7  4  5  2  9  B  6  A  C  8  3  1  
-            
8  6  3  1  C  2  5  4  7  B  A  9  
-            
C  9  A  B  7  8  3  1  6  2  5  4  
            
