0.031
133
1  3  4 |6  2  5  7  8  9  A  B  C  
- - -          
2 |5  7  8 |B  A  C  9  6  4  1  3  
-            
9  A  B  C  1  3  4  6  2  5  7  8  
-            
3  1  2  4  5  6  8  7  A  9  C  B  
-            
6  8  9  A  3  1  B  C  5  2  4  7  
-            
7  B  C  5  4  2  9  A  1  3  8  6  
-            
4  2  1  3  6  7  5  B  8  C  9  A  
-            
5  6  8  9  A  C  1  3  B  7  2  4  
-            
B  C  A  7  8  9  2  4  3  1  6  5  
-            
C  4  6  2  9  B  A  5  7  8  3  1  
-            
8  9  5  B  7  4  3  1  C  6  A  2  
-            
A  7  3  1  C  8  6  2  4  B  5  9  
            
